mode: set
github.com/luckyshmo/api-example/pkg/repository/pg/auth_postgres.go:15.49,17.2 1 1
github.com/luckyshmo/api-example/pkg/repository/pg/auth_postgres.go:19.72,24.38 4 1
github.com/luckyshmo/api-example/pkg/repository/pg/auth_postgres.go:28.2,28.16 1 1
github.com/luckyshmo/api-example/pkg/repository/pg/auth_postgres.go:24.38,26.3 1 1
github.com/luckyshmo/api-example/pkg/repository/pg/auth_postgres.go:31.84,37.2 4 1
github.com/luckyshmo/api-example/pkg/repository/pg/postgres.go:23.50,26.16 2 0
github.com/luckyshmo/api-example/pkg/repository/pg/postgres.go:30.2,31.16 2 0
github.com/luckyshmo/api-example/pkg/repository/pg/postgres.go:35.2,36.16 2 0
github.com/luckyshmo/api-example/pkg/repository/pg/postgres.go:40.2,40.16 1 0
github.com/luckyshmo/api-example/pkg/repository/pg/postgres.go:26.16,28.3 1 0
github.com/luckyshmo/api-example/pkg/repository/pg/postgres.go:31.16,33.3 1 0
github.com/luckyshmo/api-example/pkg/repository/pg/postgres.go:36.16,38.3 1 0
github.com/luckyshmo/api-example/pkg/repository/pg/user.go:15.37,17.2 1 0
github.com/luckyshmo/api-example/pkg/repository/pg/user.go:19.50,26.2 4 0
github.com/luckyshmo/api-example/pkg/repository/pg/user.go:28.65,35.2 4 0
github.com/luckyshmo/api-example/pkg/handler/auth.go:27.42,31.43 2 1
github.com/luckyshmo/api-example/pkg/handler/auth.go:36.2,37.16 2 1
github.com/luckyshmo/api-example/pkg/handler/auth.go:42.2,44.4 1 1
github.com/luckyshmo/api-example/pkg/handler/auth.go:31.43,34.3 2 1
github.com/luckyshmo/api-example/pkg/handler/auth.go:37.16,40.3 2 1
github.com/luckyshmo/api-example/pkg/handler/auth.go:59.42,62.43 2 1
github.com/luckyshmo/api-example/pkg/handler/auth.go:67.2,68.16 2 1
github.com/luckyshmo/api-example/pkg/handler/auth.go:73.2,75.4 1 1
github.com/luckyshmo/api-example/pkg/handler/auth.go:62.43,65.3 2 1
github.com/luckyshmo/api-example/pkg/handler/auth.go:68.16,71.3 2 1
github.com/luckyshmo/api-example/pkg/handler/handler.go:18.53,20.2 1 0
github.com/luckyshmo/api-example/pkg/handler/handler.go:22.44,32.2 6 0
github.com/luckyshmo/api-example/pkg/handler/handler.go:37.2,38.2 2 0
github.com/luckyshmo/api-example/pkg/handler/handler.go:46.2,46.15 1 0
github.com/luckyshmo/api-example/pkg/handler/handler.go:32.2,35.3 2 0
github.com/luckyshmo/api-example/pkg/handler/handler.go:38.2,40.3 2 0
github.com/luckyshmo/api-example/pkg/handler/handler.go:40.3,43.4 2 0
github.com/luckyshmo/api-example/pkg/handler/middleware.go:17.48,19.16 2 1
github.com/luckyshmo/api-example/pkg/handler/middleware.go:25.2,25.24 1 1
github.com/luckyshmo/api-example/pkg/handler/middleware.go:19.16,22.3 2 1
github.com/luckyshmo/api-example/pkg/handler/middleware.go:28.91,29.18 1 1
github.com/luckyshmo/api-example/pkg/handler/middleware.go:33.2,34.57 2 1
github.com/luckyshmo/api-example/pkg/handler/middleware.go:38.2,38.30 1 1
github.com/luckyshmo/api-example/pkg/handler/middleware.go:42.2,42.30 1 1
github.com/luckyshmo/api-example/pkg/handler/middleware.go:29.18,31.3 1 1
github.com/luckyshmo/api-example/pkg/handler/middleware.go:34.57,36.3 1 1
github.com/luckyshmo/api-example/pkg/handler/middleware.go:38.30,40.3 1 1
github.com/luckyshmo/api-example/pkg/handler/middleware.go:46.51,48.9 2 1
github.com/luckyshmo/api-example/pkg/handler/middleware.go:52.2,53.9 2 1
github.com/luckyshmo/api-example/pkg/handler/middleware.go:57.2,57.18 1 1
github.com/luckyshmo/api-example/pkg/handler/middleware.go:48.9,50.3 1 1
github.com/luckyshmo/api-example/pkg/handler/middleware.go:53.9,55.3 1 1
github.com/luckyshmo/api-example/pkg/handler/response.go:15.72,17.2 1 1
github.com/luckyshmo/api-example/pkg/handler/response.go:19.72,21.2 1 1
github.com/luckyshmo/api-example/pkg/handler/user.go:22.43,27.16 3 0
github.com/luckyshmo/api-example/pkg/handler/user.go:32.2,33.16 2 0
github.com/luckyshmo/api-example/pkg/handler/user.go:38.2,38.44 1 0
github.com/luckyshmo/api-example/pkg/handler/user.go:27.16,30.3 2 0
github.com/luckyshmo/api-example/pkg/handler/user.go:33.16,36.3 2 0
github.com/luckyshmo/api-example/pkg/handler/user.go:41.47,44.16 2 0
github.com/luckyshmo/api-example/pkg/handler/user.go:49.2,49.45 1 0
github.com/luckyshmo/api-example/pkg/handler/user.go:44.16,47.3 2 0
